<?xml version="1.0" encoding="UTF-8"?>
<testsuite name="io.fliqa.hackaton.infrastructure.web.PaymentResourceTest" tests="2" skipped="0" failures="0" errors="0" timestamp="2025-11-08T21:41:49.070Z" hostname="metalik" time="0.875">
  <properties/>
  <testcase name="returns_payment_as_image()" classname="io.fliqa.hackaton.infrastructure.web.PaymentResourceTest" time="0.691"/>
  <testcase name="creates_new_payment()" classname="io.fliqa.hackaton.infrastructure.web.PaymentResourceTest" time="0.183"/>
  <system-out><![CDATA[2025-11-08 22:41:48,182 INFO  [org.hib.jpa.int.uti.LogHelper] (Test worker) HHH000204: Processing PersistenceUnitInfo [name: <default>]
2025-11-08 22:41:48,250 INFO  [org.hib.Version] (Test worker) HHH000412: Hibernate ORM core version 7.1.6.Final
2025-11-08 22:41:48,350 INFO  [org.hib.orm.con.pooling] (Test worker) HHH10001005: Database info:
	Database JDBC URL [undefined/unknown]
	Database driver: undefined/unknown
	Database dialect: PostgreSQLDialect
	Database version: 13.0
	Default catalog/schema: unknown/unknown
	Autocommit mode: undefined/unknown
	Isolation level: <unknown>
	JDBC fetch size: undefined/unknown
	Pool: undefined/unknown
	Minimum pool size: undefined/unknown
	Maximum pool size: undefined/unknown
2025-11-08 22:41:48,416 INFO  [org.hib.val.int.uti.Version] (Test worker) HV000001: Hibernate Validator 9.0.1.Final
2025-11-08 22:41:49,062 INFO  [io.quarkus] (Test worker) interledger-hackaton 1.0.0-SNAPSHOT on JVM (powered by Quarkus 3.29.1) started in 2.677s. Listening on: http://localhost:8081
2025-11-08 22:41:49,062 INFO  [io.quarkus] (Test worker) Profile test activated. 
2025-11-08 22:41:49,063 INFO  [io.quarkus] (Test worker) Installed features: [agroal, cdi, compose, hibernate-orm, hibernate-orm-panache, hibernate-validator, jdbc-postgresql, mailer, narayana-jta, qute, rest, rest-jackson, smallrye-context-propagation, vertx]
]]></system-out>
  <system-err><![CDATA[]]></system-err>
</testsuite>
